[2022-12-13T13:15:40.143] [INFO] fourChanScraper - Initiating scrape
[2022-12-13T13:16:00.963] [INFO] fourChanScraper - found 67 images
[2022-12-13T13:16:15.705] [ERROR] fourChanScraper - Axios 404
[2022-12-13T13:16:22.492] [ERROR] fourChanScraper - Axios 404
[2022-12-13T13:16:24.161] [ERROR] fourChanScraper - Axios 404
[2022-12-13T13:16:24.369] [ERROR] fourChanScraper - Axios 404
[2022-12-13T13:16:24.598] [ERROR] fourChanScraper - Axios 404
[2022-12-13T13:16:24.803] [ERROR] fourChanScraper - Axios 404
[2022-12-13T13:16:25.056] [ERROR] fourChanScraper - Axios 404
[2022-12-13T13:16:25.949] [ERROR] fourChanScraper - Axios 404
[2022-12-13T13:16:27.767] [ERROR] fourChanScraper - Axios 404
[2022-12-13T13:16:31.219] [ERROR] fourChanScraper - Axios 404
[2022-12-13T13:16:32.639] [ERROR] fourChanScraper - Axios 404
[2022-12-13T13:16:32.916] [ERROR] fourChanScraper - Axios 404
[2022-12-13T13:16:37.266] [ERROR] fourChanScraper - Axios 404
[2022-12-13T13:16:40.368] [ERROR] fourChanScraper - Axios 404
[2022-12-13T13:16:40.929] [ERROR] fourChanScraper - Axios 404
[2022-12-13T13:16:43.925] [ERROR] fourChanScraper - Axios 404
[2022-12-13T13:16:44.904] [INFO] fourChanScraper - BulkWriteResult {
  result: {
    ok: 1,
    writeErrors: [
      [WriteError], [WriteError],
      [WriteError], [WriteError],
      [WriteError], [WriteError],
      [WriteError], [WriteError],
      [WriteError], [WriteError],
      [WriteError], [WriteError]
    ],
    writeConcernErrors: [],
    insertedIds: [
      [Object], [Object], [Object], [Object], [Object],
      [Object], [Object], [Object], [Object], [Object],
      [Object], [Object], [Object], [Object], [Object],
      [Object], [Object], [Object], [Object], [Object],
      [Object], [Object], [Object], [Object], [Object],
      [Object], [Object], [Object], [Object], [Object],
      [Object], [Object], [Object], [Object], [Object],
      [Object], [Object], [Object], [Object], [Object],
      [Object], [Object], [Object], [Object], [Object],
      [Object], [Object], [Object], [Object], [Object],
      [Object], [Object], [Object], [Object], [Object],
      [Object], [Object], [Object], [Object], [Object],
      [Object], [Object], [Object], [Object], [Object],
      [Object], [Object]
    ],
    nInserted: 55,
    nUpserted: 0,
    nMatched: 0,
    nModified: 0,
    nRemoved: 0,
    upserted: [],
    opTime: { ts: new Timestamp({ t: 1670966204, i: 144 }), t: 101 }
  }
}
